app/build/intermediates/manifest_merge_blame_file/debug/manifest-merger-blame-debug-report.txt
1<?xml version="1.0" encoding="utf-8"?>
2<manifest xmlns:android="http://schemas.android.com/apk/res/android"
3    package="com.example.parking"
4    android:versionCode="1"
5    android:versionName="1.0" >
6
7    <uses-sdk
8        android:minSdkVersion="16"
8-->src\main\AndroidManifest.xml
9        android:targetSdkVersion="28" />
9-->src\main\AndroidManifest.xml
10
11    <uses-permission android:name="android.permission.INTERNET" />
11-->src\main\AndroidManifest.xml:5:5-66
11-->src\main\AndroidManifest.xml:5:22-64
12
13    <application
13-->src\main\AndroidManifest.xml:7:5-25:19
14        android:name="androidx.multidex.MultiDexApplication"
15        android:allowBackup="true"
15-->src\main\AndroidManifest.xml:8:9-35
16        android:appComponentFactory="androidx.core.app.CoreComponentFactory"
16-->[androidx.core:core:1.0.1] AndroidManifest.xml:22:18-86
17        android:debuggable="true"
18        android:icon="@mipmap/ic_launcher"
18-->src\main\AndroidManifest.xml:9:9-43
19        android:label="@string/app_name"
19-->src\main\AndroidManifest.xml:10:9-41
20        android:roundIcon="@mipmap/ic_launcher_round"
20-->src\main\AndroidManifest.xml:11:9-54
21        android:supportsRtl="true"
21-->src\main\AndroidManifest.xml:12:9-35
22        android:testOnly="true"
23        android:theme="@style/AppTheme" >
23-->src\main\AndroidManifest.xml:13:9-40
24        <activity android:name="com.example.parking.MainActivity" >
24-->src\main\AndroidManifest.xml:15:9-21:20
24-->src\main\AndroidManifest.xml:15:19-47
25            <intent-filter>
25-->src\main\AndroidManifest.xml:16:13-20:29
26                <action android:name="android.intent.action.MAIN" />
26-->src\main\AndroidManifest.xml:17:17-69
26-->src\main\AndroidManifest.xml:17:25-66
27
28                <category android:name="android.intent.category.LAUNCHER" />
28-->src\main\AndroidManifest.xml:19:17-77
28-->src\main\AndroidManifest.xml:19:27-74
29            </intent-filter>
30        </activity>
31        <activity android:name="com.example.parking.Register" >
31-->src\main\AndroidManifest.xml:23:9-24:20
31-->src\main\AndroidManifest.xml:23:19-43
32        </activity>
33        <activity
33-->[com.google.firebase:firebase-auth:16.0.1] AndroidManifest.xml:23:9-29:75
34            android:name="com.google.firebase.auth.internal.FederatedSignInActivity"
34-->[com.google.firebase:firebase-auth:16.0.1] AndroidManifest.xml:24:13-85
35            android:excludeFromRecents="true"
35-->[com.google.firebase:firebase-auth:16.0.1] AndroidManifest.xml:25:13-46
36            android:exported="true"
36-->[com.google.firebase:firebase-auth:16.0.1] AndroidManifest.xml:26:13-36
37            android:launchMode="singleInstance"
37-->[com.google.firebase:firebase-auth:16.0.1] AndroidManifest.xml:27:13-48
38            android:permission="com.google.firebase.auth.api.gms.permission.LAUNCH_FEDERATED_SIGN_IN"
38-->[com.google.firebase:firebase-auth:16.0.1] AndroidManifest.xml:28:13-102
39            android:theme="@android:style/Theme.Translucent.NoTitleBar" />
39-->[com.google.firebase:firebase-auth:16.0.1] AndroidManifest.xml:29:13-72
40
41        <service android:name="com.google.firebase.components.ComponentDiscoveryService" >
41-->[com.google.firebase:firebase-auth:16.0.1] AndroidManifest.xml:31:9-35:19
41-->[com.google.firebase:firebase-auth:16.0.1] AndroidManifest.xml:31:18-89
42            <meta-data
42-->[com.google.firebase:firebase-auth:16.0.1] AndroidManifest.xml:32:13-34:85
43                android:name="com.google.firebase.components:com.google.firebase.auth.FirebaseAuthRegistrar"
43-->[com.google.firebase:firebase-auth:16.0.1] AndroidManifest.xml:33:17-109
44                android:value="com.google.firebase.components.ComponentRegistrar" />
44-->[com.google.firebase:firebase-auth:16.0.1] AndroidManifest.xml:34:17-82
45        </service>
46
47        <activity
47-->[com.google.android.gms:play-services-base:15.0.1] AndroidManifest.xml:23:9-26:75
48            android:name="com.google.android.gms.common.api.GoogleApiActivity"
48-->[com.google.android.gms:play-services-base:15.0.1] AndroidManifest.xml:24:13-79
49            android:exported="false"
49-->[com.google.android.gms:play-services-base:15.0.1] AndroidManifest.xml:25:13-37
50            android:theme="@android:style/Theme.Translucent.NoTitleBar" />
50-->[com.google.android.gms:play-services-base:15.0.1] AndroidManifest.xml:26:13-72
51
52        <provider
52-->[com.google.firebase:firebase-common:16.0.0] AndroidManifest.xml:9:9-13:39
53            android:name="com.google.firebase.provider.FirebaseInitProvider"
53-->[com.google.firebase:firebase-common:16.0.0] AndroidManifest.xml:10:13-77
54            android:authorities="com.example.parking.firebaseinitprovider"
54-->[com.google.firebase:firebase-common:16.0.0] AndroidManifest.xml:11:13-72
55            android:exported="false"
55-->[com.google.firebase:firebase-common:16.0.0] AndroidManifest.xml:12:13-37
56            android:initOrder="100" />
56-->[com.google.firebase:firebase-common:16.0.0] AndroidManifest.xml:13:13-36
57
58        <meta-data
58-->[com.google.android.gms:play-services-basement:15.0.1] AndroidManifest.xml:23:9-25:69
59            android:name="com.google.android.gms.version"
59-->[com.google.android.gms:play-services-basement:15.0.1] AndroidManifest.xml:24:13-58
60            android:value="@integer/google_play_services_version" />
60-->[com.google.android.gms:play-services-basement:15.0.1] AndroidManifest.xml:25:13-66
61    </application>
62
63</manifest>